<?xml version="1.0" encoding="UTF-8"?>
<!-- Generated by org.testng.reporters.JUnitReportReporter -->
<testsuite skipped="0" hostname="remya-PC" name="com.crm.qa.testcases.HomePageTest" tests="3" failures="0" timestamp="03 Nov 2017 07:38:23 GMT" time="38.695" errors="0">
  <testcase name="verifyHomePageTitleTest" time="13.701" classname="com.crm.qa.testcases.HomePageTest"/>
  <testcase name="verifyUserNameTest" time="11.505" classname="com.crm.qa.testcases.HomePageTest"/>
  <testcase name="verifyContactsLinkTest" time="13.489" classname="com.crm.qa.testcases.HomePageTest"/>
</testsuite> <!-- com.crm.qa.testcases.HomePageTest -->
