<?xml version="1.0" encoding="UTF-8"?>
<!-- Generated by org.testng.reporters.JUnitReportReporter -->
<testsuite skipped="0" hostname="remya-PC" name="com.crm.qa.testcases.HomePageTest" tests="3" failures="0" timestamp="03 Nov 2017 07:47:11 GMT" time="39.163" errors="0">
  <testcase name="verifyHomePageTitleTest" time="10.531" classname="com.crm.qa.testcases.HomePageTest"/>
  <testcase name="verifyUserNameTest" time="12.034" classname="com.crm.qa.testcases.HomePageTest"/>
  <testcase name="verifyContactsLinkTest" time="16.598" classname="com.crm.qa.testcases.HomePageTest"/>
</testsuite> <!-- com.crm.qa.testcases.HomePageTest -->
