<?xml version="1.0" encoding="UTF-8"?>
<!-- Generated by org.testng.reporters.JUnitReportReporter -->
<testsuite skipped="0" hostname="remya-PC" name="com.crm.qa.testcases.LoginPageTest" tests="3" failures="0" timestamp="03 Nov 2017 07:47:11 GMT" time="24.730" errors="0">
  <testcase name="loginPageTitleTest" time="7.075" classname="com.crm.qa.testcases.LoginPageTest"/>
  <testcase name="crmLogoImageTest" time="7.310" classname="com.crm.qa.testcases.LoginPageTest"/>
  <testcase name="loginTest" time="10.345" classname="com.crm.qa.testcases.LoginPageTest"/>
</testsuite> <!-- com.crm.qa.testcases.LoginPageTest -->
